Traceback (most recent call last):
  File "/workspace/arun/temporal-straightening/train.py", line 14, in <module>
    from accelerate import Accelerator
  File "/usr/local/lib/python3.10/dist-packages/accelerate/__init__.py", line 3, in <module>
    from .accelerator import Accelerator
  File "/usr/local/lib/python3.10/dist-packages/accelerate/accelerator.py", line 35, in <module>
    from .checkpointing import load_accelerator_state, load_custom_state, save_accelerator_state, save_custom_state
  File "/usr/local/lib/python3.10/dist-packages/accelerate/checkpointing.py", line 24, in <module>
    from .utils import (
  File "/usr/local/lib/python3.10/dist-packages/accelerate/utils/__init__.py", line 153, in <module>
    from .launch import (
  File "/usr/local/lib/python3.10/dist-packages/accelerate/utils/launch.py", line 33, in <module>
    from ..utils.other import is_port_in_use, merge_dicts
  File "/usr/local/lib/python3.10/dist-packages/accelerate/utils/other.py", line 36, in <module>
    from .transformer_engine import convert_model
  File "/usr/local/lib/python3.10/dist-packages/accelerate/utils/transformer_engine.py", line 21, in <module>
    import transformer_engine.pytorch as te
  File "/usr/local/lib/python3.10/dist-packages/transformer_engine/pytorch/__init__.py", line 6, in <module>
    from .module import LayerNormLinear
  File "/usr/local/lib/python3.10/dist-packages/transformer_engine/pytorch/module/__init__.py", line 6, in <module>
    from .layernorm_linear import LayerNormLinear
  File "/usr/local/lib/python3.10/dist-packages/transformer_engine/pytorch/module/layernorm_linear.py", line 13, in <module>
    from .. import cpp_extensions as tex
  File "/usr/local/lib/python3.10/dist-packages/transformer_engine/pytorch/cpp_extensions/__init__.py", line 6, in <module>
    from transformer_engine_extensions import *
ImportError: /usr/local/lib/python3.10/dist-packages/transformer_engine_extensions.cpython-310-x86_64-linux-gnu.so: undefined symbol: _ZN5torch3jit17parseSchemaOrNameERKNSt7__cxx1112basic_stringIcSt11char_traitsIcESaIcEEE
